<?xml version="1.0" encoding="UTF-8"?>
<!-- Generated by org.testng.reporters.JUnitReportReporter -->
<testsuite hostname="DESKTOP-UC9CJ38" failures="0" tests="1" name="testcases.VerifyCountryDropdown" time="11.152" errors="0" timestamp="2024-07-05T07:46:53 IST" skipped="0">
  <testcase classname="testcases.VerifyCountryDropdown" name="verifyCountryDropdown" time="11.152"/>
  <system-out/>
</testsuite> <!-- testcases.VerifyCountryDropdown -->
