<?xml version="1.0" encoding="UTF-8"?>
<!-- Generated by org.testng.reporters.JUnitReportReporter -->
<testsuite hostname="DESKTOP-UC9CJ38" failures="0" tests="1" name="testcases.VerifyValidLogin" time="52.660" errors="0" timestamp="2024-07-04T08:24:37 IST" skipped="0">
  <testcase classname="testcases.VerifyValidLogin" name="verifyValidLogin" time="52.660"/>
  <system-out/>
</testsuite> <!-- testcases.VerifyValidLogin -->
