<?xml version="1.0" encoding="UTF-8"?>
<!-- Generated by org.testng.reporters.JUnitReportReporter -->
<testsuite hostname="DESKTOP-UC9CJ38" failures="0" tests="1" name="testcases.VerifyValidLogin" time="9.972" errors="0" timestamp="2024-07-05T08:10:59 IST" skipped="0">
  <testcase classname="testcases.VerifyValidLogin" name="verifyValidLogin" time="9.972"/>
  <system-out/>
</testsuite> <!-- testcases.VerifyValidLogin -->
