<?xml version="1.0" encoding="UTF-8"?>
<!-- Generated by org.testng.reporters.JUnitReportReporter -->
<testsuite hostname="DESKTOP-UC9CJ38" failures="0" tests="1" name="testcases.VerifyCountryDropdown" time="9.338" errors="0" timestamp="2024-07-05T08:10:59 IST" skipped="0">
  <testcase classname="testcases.VerifyCountryDropdown" name="verifyCountryDropdown" time="9.338"/>
  <system-out/>
</testsuite> <!-- testcases.VerifyCountryDropdown -->
